Arguments: 
  /Users/andre/.nvm/versions/node/v12.16.1/bin/node /usr/local/Cellar/yarn/1.22.0/libexec/bin/yarn.js

PATH: 
  /Users/andre/.nvm/versions/node/v12.16.1/bin:/usr/local/bin:/usr/bin:/bin:/usr/sbin:/sbin:/Users/andre/.zinit/polaris/bin:/Users/andre/.nvm/versions/node/v12.16.1/bin:/Users/andre/Library/Android/sdk/tools:/Users/andre/Library/Android/sdk/platform-tools:/Users/andre/Library/Android/sdk/tools:/Users/andre/Library/Android/sdk/platform-tools

Yarn version: 
  1.22.0

Node version: 
  12.16.1

Platform: 
  darwin x64

Trace: 
  SyntaxError: /Users/andre/workspace/bootcamp/nivel1/primeiro-projeto-node/package.json: Unexpected end of JSON input
      at JSON.parse (<anonymous>)
      at /usr/local/Cellar/yarn/1.22.0/libexec/lib/cli.js:1625:59
      at Generator.next (<anonymous>)
      at step (/usr/local/Cellar/yarn/1.22.0/libexec/lib/cli.js:310:30)
      at /usr/local/Cellar/yarn/1.22.0/libexec/lib/cli.js:321:13

npm manifest: 
  

yarn manifest: 
  No manifest

Lockfile: 
  # THIS IS AN AUTOGENERATED FILE. DO NOT EDIT THIS FILE DIRECTLY.
  # yarn lockfile v1
